<?xml version="1.0" encoding="UTF-8"?>
<testng-results ignored="0" total="1" passed="1" failed="0" skipped="0">
  <reporter-output>
  </reporter-output>
  <suite started-at="2022-12-21T11:39:43 IST" name="Default suite" finished-at="2022-12-21T11:39:59 IST" duration-ms="15935">
    <groups>
    </groups>
    <test started-at="2022-12-21T11:39:43 IST" name="Default test" finished-at="2022-12-21T11:39:59 IST" duration-ms="15935">
      <class name="kalyan.Newtabfunctionality">
        <test-method is-config="true" signature="beforeTest()[pri:0, instance:kalyan.Newtabfunctionality@4803b726]" started-at="2022-12-21T11:39:43 IST" name="beforeTest" finished-at="2022-12-21T11:39:46 IST" duration-ms="2567" status="PASS">
          <reporter-output>
          </reporter-output>
        </test-method> <!-- beforeTest -->
        <test-method signature="newTab()[pri:0, instance:kalyan.Newtabfunctionality@4803b726]" started-at="2022-12-21T11:39:46 IST" name="newTab" finished-at="2022-12-21T11:39:59 IST" duration-ms="13305" status="PASS">
          <reporter-output>
          </reporter-output>
        </test-method> <!-- newTab -->
      </class> <!-- kalyan.Newtabfunctionality -->
    </test> <!-- Default test -->
  </suite> <!-- Default suite -->
</testng-results>
